0 info it worked if it ends with ok
1 verbose cli [ 'node', '/usr/local/bin/npm', 'publish', '.' ]
2 info using npm@1.4.3
3 info using node@v0.10.26
4 verbose publish [ '.' ]
5 verbose cache add [ '.', null ]
6 verbose cache add name=undefined spec="." args=[".",null]
7 verbose parsed url { protocol: null,
7 verbose parsed url   slashes: null,
7 verbose parsed url   auth: null,
7 verbose parsed url   host: null,
7 verbose parsed url   port: null,
7 verbose parsed url   hostname: null,
7 verbose parsed url   hash: null,
7 verbose parsed url   search: null,
7 verbose parsed url   query: null,
7 verbose parsed url   pathname: '.',
7 verbose parsed url   path: '.',
7 verbose parsed url   href: '.' }
8 silly lockFile 3a52ce78- .
9 verbose lock . /Users/vivekbajpai/.npm/3a52ce78-.lock
10 verbose tar pack [ '/var/folders/cb/xp83k6sj20d0rj8gkk64dfzw0000gn/T/npm-9586-QmCR5wuG/1422436761699-0.7841258205007762/tmp.tgz',
10 verbose tar pack   '.' ]
11 verbose tarball /var/folders/cb/xp83k6sj20d0rj8gkk64dfzw0000gn/T/npm-9586-QmCR5wuG/1422436761699-0.7841258205007762/tmp.tgz
12 verbose folder .
13 info prepublish VowpalWabbit@0.0.1
14 silly lockFile 1f1177db-tar tar://.
15 verbose lock tar://. /Users/vivekbajpai/.npm/1f1177db-tar.lock
16 silly lockFile c4ce1177-61699-0-7841258205007762-tmp-tgz tar:///var/folders/cb/xp83k6sj20d0rj8gkk64dfzw0000gn/T/npm-9586-QmCR5wuG/1422436761699-0.7841258205007762/tmp.tgz
17 verbose lock tar:///var/folders/cb/xp83k6sj20d0rj8gkk64dfzw0000gn/T/npm-9586-QmCR5wuG/1422436761699-0.7841258205007762/tmp.tgz /Users/vivekbajpai/.npm/c4ce1177-61699-0-7841258205007762-tmp-tgz.lock
18 silly lockFile 1f1177db-tar tar://.
19 silly lockFile 1f1177db-tar tar://.
20 silly lockFile c4ce1177-61699-0-7841258205007762-tmp-tgz tar:///var/folders/cb/xp83k6sj20d0rj8gkk64dfzw0000gn/T/npm-9586-QmCR5wuG/1422436761699-0.7841258205007762/tmp.tgz
21 silly lockFile c4ce1177-61699-0-7841258205007762-tmp-tgz tar:///var/folders/cb/xp83k6sj20d0rj8gkk64dfzw0000gn/T/npm-9586-QmCR5wuG/1422436761699-0.7841258205007762/tmp.tgz
22 verbose tar unpack /var/folders/cb/xp83k6sj20d0rj8gkk64dfzw0000gn/T/npm-9586-QmCR5wuG/1422436761699-0.7841258205007762/tmp.tgz
23 silly lockFile d05dac1e-61699-0-7841258205007762-package tar:///var/folders/cb/xp83k6sj20d0rj8gkk64dfzw0000gn/T/npm-9586-QmCR5wuG/1422436761699-0.7841258205007762/package
24 verbose lock tar:///var/folders/cb/xp83k6sj20d0rj8gkk64dfzw0000gn/T/npm-9586-QmCR5wuG/1422436761699-0.7841258205007762/package /Users/vivekbajpai/.npm/d05dac1e-61699-0-7841258205007762-package.lock
25 silly lockFile c4ce1177-61699-0-7841258205007762-tmp-tgz tar:///var/folders/cb/xp83k6sj20d0rj8gkk64dfzw0000gn/T/npm-9586-QmCR5wuG/1422436761699-0.7841258205007762/tmp.tgz
26 verbose lock tar:///var/folders/cb/xp83k6sj20d0rj8gkk64dfzw0000gn/T/npm-9586-QmCR5wuG/1422436761699-0.7841258205007762/tmp.tgz /Users/vivekbajpai/.npm/c4ce1177-61699-0-7841258205007762-tmp-tgz.lock
27 silly gunzTarPerm modes [ '755', '644' ]
28 silly gunzTarPerm extractEntry package.json
29 silly gunzTarPerm extractEntry .npmignore
30 silly gunzTarPerm modified mode [ '.npmignore', 436, 420 ]
31 silly gunzTarPerm extractEntry README.md
32 silly gunzTarPerm modified mode [ 'README.md', 436, 420 ]
33 silly gunzTarPerm extractEntry index.js
34 silly gunzTarPerm extractEntry parser.js
35 silly gunzTarPerm modified mode [ 'parser.js', 436, 420 ]
36 silly gunzTarPerm extractEntry queue.js
37 silly gunzTarPerm modified mode [ 'queue.js', 436, 420 ]
38 silly gunzTarPerm extractEntry vowpalwabbit.js
39 silly lockFile d05dac1e-61699-0-7841258205007762-package tar:///var/folders/cb/xp83k6sj20d0rj8gkk64dfzw0000gn/T/npm-9586-QmCR5wuG/1422436761699-0.7841258205007762/package
40 silly lockFile d05dac1e-61699-0-7841258205007762-package tar:///var/folders/cb/xp83k6sj20d0rj8gkk64dfzw0000gn/T/npm-9586-QmCR5wuG/1422436761699-0.7841258205007762/package
41 silly lockFile c4ce1177-61699-0-7841258205007762-tmp-tgz tar:///var/folders/cb/xp83k6sj20d0rj8gkk64dfzw0000gn/T/npm-9586-QmCR5wuG/1422436761699-0.7841258205007762/tmp.tgz
42 silly lockFile c4ce1177-61699-0-7841258205007762-tmp-tgz tar:///var/folders/cb/xp83k6sj20d0rj8gkk64dfzw0000gn/T/npm-9586-QmCR5wuG/1422436761699-0.7841258205007762/tmp.tgz
43 verbose tar pack [ '/Users/vivekbajpai/.npm/VowpalWabbit/0.0.1/package.tgz',
43 verbose tar pack   '/var/folders/cb/xp83k6sj20d0rj8gkk64dfzw0000gn/T/npm-9586-QmCR5wuG/1422436761699-0.7841258205007762/package' ]
44 verbose tarball /Users/vivekbajpai/.npm/VowpalWabbit/0.0.1/package.tgz
45 verbose folder /var/folders/cb/xp83k6sj20d0rj8gkk64dfzw0000gn/T/npm-9586-QmCR5wuG/1422436761699-0.7841258205007762/package
46 silly lockFile d05dac1e-61699-0-7841258205007762-package tar:///var/folders/cb/xp83k6sj20d0rj8gkk64dfzw0000gn/T/npm-9586-QmCR5wuG/1422436761699-0.7841258205007762/package
47 verbose lock tar:///var/folders/cb/xp83k6sj20d0rj8gkk64dfzw0000gn/T/npm-9586-QmCR5wuG/1422436761699-0.7841258205007762/package /Users/vivekbajpai/.npm/d05dac1e-61699-0-7841258205007762-package.lock
48 silly lockFile 20b31596-m-VowpalWabbit-0-0-1-package-tgz tar:///Users/vivekbajpai/.npm/VowpalWabbit/0.0.1/package.tgz
49 verbose lock tar:///Users/vivekbajpai/.npm/VowpalWabbit/0.0.1/package.tgz /Users/vivekbajpai/.npm/20b31596-m-VowpalWabbit-0-0-1-package-tgz.lock
50 silly lockFile d05dac1e-61699-0-7841258205007762-package tar:///var/folders/cb/xp83k6sj20d0rj8gkk64dfzw0000gn/T/npm-9586-QmCR5wuG/1422436761699-0.7841258205007762/package
51 silly lockFile d05dac1e-61699-0-7841258205007762-package tar:///var/folders/cb/xp83k6sj20d0rj8gkk64dfzw0000gn/T/npm-9586-QmCR5wuG/1422436761699-0.7841258205007762/package
52 silly lockFile 20b31596-m-VowpalWabbit-0-0-1-package-tgz tar:///Users/vivekbajpai/.npm/VowpalWabbit/0.0.1/package.tgz
53 silly lockFile 20b31596-m-VowpalWabbit-0-0-1-package-tgz tar:///Users/vivekbajpai/.npm/VowpalWabbit/0.0.1/package.tgz
54 silly lockFile 9497af3b-i-npm-VowpalWabbit-0-0-1-package /Users/vivekbajpai/.npm/VowpalWabbit/0.0.1/package
55 verbose lock /Users/vivekbajpai/.npm/VowpalWabbit/0.0.1/package /Users/vivekbajpai/.npm/9497af3b-i-npm-VowpalWabbit-0-0-1-package.lock
56 silly lockFile 9497af3b-i-npm-VowpalWabbit-0-0-1-package /Users/vivekbajpai/.npm/VowpalWabbit/0.0.1/package
57 silly lockFile 9497af3b-i-npm-VowpalWabbit-0-0-1-package /Users/vivekbajpai/.npm/VowpalWabbit/0.0.1/package
58 verbose tar unpack /Users/vivekbajpai/.npm/VowpalWabbit/0.0.1/package.tgz
59 silly lockFile 28d0ffd6-i-npm-VowpalWabbit-0-0-1-package tar:///Users/vivekbajpai/.npm/VowpalWabbit/0.0.1/package
60 verbose lock tar:///Users/vivekbajpai/.npm/VowpalWabbit/0.0.1/package /Users/vivekbajpai/.npm/28d0ffd6-i-npm-VowpalWabbit-0-0-1-package.lock
61 silly lockFile 20b31596-m-VowpalWabbit-0-0-1-package-tgz tar:///Users/vivekbajpai/.npm/VowpalWabbit/0.0.1/package.tgz
62 verbose lock tar:///Users/vivekbajpai/.npm/VowpalWabbit/0.0.1/package.tgz /Users/vivekbajpai/.npm/20b31596-m-VowpalWabbit-0-0-1-package-tgz.lock
63 silly gunzTarPerm modes [ '755', '644' ]
64 silly gunzTarPerm extractEntry package.json
65 silly gunzTarPerm extractEntry .npmignore
66 silly gunzTarPerm extractEntry README.md
67 silly gunzTarPerm extractEntry index.js
68 silly gunzTarPerm extractEntry parser.js
69 silly gunzTarPerm extractEntry queue.js
70 silly gunzTarPerm extractEntry vowpalwabbit.js
71 silly lockFile 28d0ffd6-i-npm-VowpalWabbit-0-0-1-package tar:///Users/vivekbajpai/.npm/VowpalWabbit/0.0.1/package
72 silly lockFile 28d0ffd6-i-npm-VowpalWabbit-0-0-1-package tar:///Users/vivekbajpai/.npm/VowpalWabbit/0.0.1/package
73 silly lockFile 20b31596-m-VowpalWabbit-0-0-1-package-tgz tar:///Users/vivekbajpai/.npm/VowpalWabbit/0.0.1/package.tgz
74 silly lockFile 20b31596-m-VowpalWabbit-0-0-1-package-tgz tar:///Users/vivekbajpai/.npm/VowpalWabbit/0.0.1/package.tgz
75 verbose chmod /Users/vivekbajpai/.npm/VowpalWabbit/0.0.1/package.tgz 644
76 verbose chown /Users/vivekbajpai/.npm/VowpalWabbit/0.0.1/package.tgz [ 501, 20 ]
77 silly lockFile 3a52ce78- .
78 silly lockFile 3a52ce78- .
79 silly publish { name: 'VowpalWabbit',
79 silly publish   version: '0.0.1',
79 silly publish   description: 'VowapalWabbit Nodejs Client',
79 silly publish   keyword: [ 'Vowpal Wabbit', 'Logistic Regression', 'Machine Learning' ],
79 silly publish   main: './index.js',
79 silly publish   scripts: { test: 'node ./test.js' },
79 silly publish   repository:
79 silly publish    { type: 'git',
79 silly publish      url: 'git://github.com/vivekkrbajpai/VowpalWabbit.git' },
79 silly publish   author: { name: 'Vivek Bajpai', email: 'driffer85@gmail.com' },
79 silly publish   license: 'MIT',
79 silly publish   readme: 'Vowpal Wabbit Nodejs Client.',
79 silly publish   readmeFilename: 'README.md',
79 silly publish   bugs: { url: 'https://github.com/vivekkrbajpai/VowpalWabbit/issues' },
79 silly publish   homepage: 'https://github.com/vivekkrbajpai/VowpalWabbit',
79 silly publish   _id: 'VowpalWabbit@0.0.1',
79 silly publish   dist: { shasum: '51cd3749b9f150e7ff22be015e6f03ce44d02466' },
79 silly publish   _from: '.' }
80 verbose url raw VowpalWabbit
81 verbose url resolving [ 'https://registry.npmjs.org/', './VowpalWabbit' ]
82 verbose url resolved https://registry.npmjs.org/VowpalWabbit
83 info trying registry request attempt 1 at 14:49:21
84 http PUT https://registry.npmjs.org/VowpalWabbit
85 http 403 https://registry.npmjs.org/VowpalWabbit
86 error publish Failed PUT 403
87 error Error: forbidden New packages must have all-lowercase names: VowpalWabbit
87 error     at RegClient.<anonymous> (/usr/local/lib/node_modules/npm/node_modules/npm-registry-client/lib/request.js:237:14)
87 error     at Request.self.callback (/usr/local/lib/node_modules/npm/node_modules/request/request.js:123:22)
87 error     at Request.EventEmitter.emit (events.js:98:17)
87 error     at Request.<anonymous> (/usr/local/lib/node_modules/npm/node_modules/request/request.js:893:14)
87 error     at Request.EventEmitter.emit (events.js:117:20)
87 error     at IncomingMessage.<anonymous> (/usr/local/lib/node_modules/npm/node_modules/request/request.js:844:12)
87 error     at IncomingMessage.EventEmitter.emit (events.js:117:20)
87 error     at _stream_readable.js:920:16
87 error     at process._tickCallback (node.js:415:13)
88 error If you need help, you may report this *entire* log,
88 error including the npm and node versions, at:
88 error     <http://github.com/npm/npm/issues>
89 error System Darwin 14.0.0
90 error command "node" "/usr/local/bin/npm" "publish" "."
91 error cwd /Users/vivekbajpai/Dropbox/Projects/VowpalWabbit
92 error node -v v0.10.26
93 error npm -v 1.4.3
94 verbose exit [ 1, true ]
